0 info it worked if it ends with ok
1 verbose cli [ '/usr/local/bin/node', '/usr/local/bin/npm', 'run', 'lint' ]
2 info using npm@3.10.9
3 info using node@v4.6.2
4 verbose run-script [ 'prelint', 'lint', 'postlint' ]
5 info lifecycle testing-api-with-nodejs@1.0.0~prelint: testing-api-with-nodejs@1.0.0
6 silly lifecycle testing-api-with-nodejs@1.0.0~prelint: no script for prelint, continuing
7 info lifecycle testing-api-with-nodejs@1.0.0~lint: testing-api-with-nodejs@1.0.0
8 verbose lifecycle testing-api-with-nodejs@1.0.0~lint: unsafe-perm in lifecycle true
9 verbose lifecycle testing-api-with-nodejs@1.0.0~lint: PATH: /usr/local/lib/node_modules/npm/bin/node-gyp-bin:/Users/admin/Public/testing-api-with-nodejs/node_modules/.bin:/usr/local/bin:/usr/bin:/bin:/usr/sbin:/sbin:/Users/admin/Documents/play-2.2.6:/Users/admin/Library/Android/sdk:/Users/admin/Documents/play-2.2.6:/usr/local/bin:/Users/admin/Library/Android/sdk
10 verbose lifecycle testing-api-with-nodejs@1.0.0~lint: CWD: /Users/admin/Public/testing-api-with-nodejs
11 silly lifecycle testing-api-with-nodejs@1.0.0~lint: Args: [ '-c', 'eslint \'**/*.js\'' ]
12 silly lifecycle testing-api-with-nodejs@1.0.0~lint: Returned: code: 1  signal: null
13 info lifecycle testing-api-with-nodejs@1.0.0~lint: Failed to exec lint script
14 verbose stack Error: testing-api-with-nodejs@1.0.0 lint: `eslint '**/*.js'`
14 verbose stack Exit status 1
14 verbose stack     at EventEmitter.<anonymous> (/usr/local/lib/node_modules/npm/lib/utils/lifecycle.js:255:16)
14 verbose stack     at emitTwo (events.js:87:13)
14 verbose stack     at EventEmitter.emit (events.js:172:7)
14 verbose stack     at ChildProcess.<anonymous> (/usr/local/lib/node_modules/npm/lib/utils/spawn.js:40:14)
14 verbose stack     at emitTwo (events.js:87:13)
14 verbose stack     at ChildProcess.emit (events.js:172:7)
14 verbose stack     at maybeClose (internal/child_process.js:854:16)
14 verbose stack     at Process.ChildProcess._handle.onexit (internal/child_process.js:222:5)
15 verbose pkgid testing-api-with-nodejs@1.0.0
16 verbose cwd /Users/admin/Public/testing-api-with-nodejs
17 error Darwin 16.7.0
18 error argv "/usr/local/bin/node" "/usr/local/bin/npm" "run" "lint"
19 error node v4.6.2
20 error npm  v3.10.9
21 error code ELIFECYCLE
22 error testing-api-with-nodejs@1.0.0 lint: `eslint '**/*.js'`
22 error Exit status 1
23 error Failed at the testing-api-with-nodejs@1.0.0 lint script 'eslint '**/*.js''.
23 error Make sure you have the latest version of node.js and npm installed.
23 error If you do, this is most likely a problem with the testing-api-with-nodejs package,
23 error not with npm itself.
23 error Tell the author that this fails on your system:
23 error     eslint '**/*.js'
23 error You can get information on how to open an issue for this project with:
23 error     npm bugs testing-api-with-nodejs
23 error Or if that isn't available, you can get their info via:
23 error     npm owner ls testing-api-with-nodejs
23 error There is likely additional logging output above.
24 verbose exit [ 1, true ]
